Sun, 17 May 2020 16:59:45 GMT - Info - Server is running on port: 3030
Sun, 17 May 2020 17:01:34 GMT - Info - Server is running on port: 3030
Sun, 17 May 2020 17:10:15 GMT - Info - Server is running on port: 3030
Sun, 17 May 2020 17:11:27 GMT - Info - Server is running on port: 3030
Sun, 17 May 2020 17:11:49 GMT - Info - Server is running on port: 3030
Sun, 17 May 2020 17:11:53 GMT - Info - Server is running on port: 3030
Sun, 17 May 2020 17:12:03 GMT - Info - Server is running on port: 3030
Sun, 17 May 2020 17:12:23 GMT - Info - Server is running on port: 3030
Sun, 17 May 2020 17:12:50 GMT - Info - Server is running on port: 3030
Sun, 17 May 2020 17:12:55 GMT - Info - Server is running on port: 3030
Sun, 17 May 2020 17:12:58 GMT - Info - Server is running on port: 3030
Sun, 17 May 2020 17:13:20 GMT - Info - Server is running on port: 3030
Sun, 17 May 2020 17:13:29 GMT - Info - Server is running on port: 3030
Sun, 17 May 2020 17:16:59 GMT - Info - Server is running on port: 3030
Sun, 17 May 2020 17:17:03 GMT - Error - Cannot get toys
Sun, 17 May 2020 17:17:18 GMT - Info - Server is running on port: 3030
Sun, 17 May 2020 17:17:21 GMT - Error - Cannot get toys
Sun, 17 May 2020 17:18:25 GMT - Info - Server is running on port: 3030
Sun, 17 May 2020 17:18:30 GMT - Error - Cannot get toys
Sun, 17 May 2020 17:25:22 GMT - Info - Server is running on port: 3030
Sun, 17 May 2020 17:26:45 GMT - Info - Server is running on port: 3030
Sun, 17 May 2020 17:27:18 GMT - Info - Server is running on port: 3030
Sun, 17 May 2020 17:29:30 GMT - Info - Server is running on port: 3030
Sun, 17 May 2020 17:29:38 GMT - Info - Server is running on port: 3030
Sun, 17 May 2020 17:30:32 GMT - Info - Server is running on port: 3030
Sun, 17 May 2020 17:30:38 GMT - Info - Server is running on port: 3030
Sun, 17 May 2020 17:30:40 GMT - Info - Server is running on port: 3030
Sun, 17 May 2020 17:30:49 GMT - Error - Cannot get toy
Sun, 17 May 2020 17:30:52 GMT - Error - Cannot get toy
Sun, 17 May 2020 17:31:07 GMT - Info - Server is running on port: 3030
Sun, 17 May 2020 17:31:20 GMT - Info - Server is running on port: 3030
Sun, 17 May 2020 17:31:33 GMT - Error - Cannot get toy
Sun, 17 May 2020 17:31:51 GMT - Info - Server is running on port: 3030
Sun, 17 May 2020 17:31:53 GMT - Error - Cannot get toy
Sun, 17 May 2020 17:31:56 GMT - Error - Cannot get toy
Sun, 17 May 2020 17:35:17 GMT - Info - Server is running on port: 3030
Sun, 17 May 2020 17:35:46 GMT - Error - Cannot get toy
Sun, 17 May 2020 17:36:23 GMT - Error - Cannot get toy
Sun, 17 May 2020 17:37:43 GMT - Info - Server is running on port: 3030
Sun, 17 May 2020 17:37:46 GMT - Error - Cannot get toy I am at controller
Sun, 17 May 2020 17:39:06 GMT - Info - Server is running on port: 3030
Sun, 17 May 2020 17:39:28 GMT - Info - Server is running on port: 3030
Sun, 17 May 2020 17:39:32 GMT - Error - Cannot get toy I am at controller
Sun, 17 May 2020 17:39:47 GMT - Info - Server is running on port: 3030
Sun, 17 May 2020 17:40:18 GMT - Info - Server is running on port: 3030
Sun, 17 May 2020 17:41:03 GMT - Info - Server is running on port: 3030
Sun, 17 May 2020 17:41:06 GMT - Error - Cannot get toy I am at controller
Sun, 17 May 2020 17:41:24 GMT - Info - Server is running on port: 3030
Sun, 17 May 2020 17:41:26 GMT - Error - Cannot get toy I am at controller
Sun, 17 May 2020 17:42:00 GMT - Info - Server is running on port: 3030
Sun, 17 May 2020 17:42:04 GMT - Error - Cannot get toy I am at controller
Sun, 17 May 2020 17:42:26 GMT - Info - Server is running on port: 3030
Sun, 17 May 2020 17:42:39 GMT - Info - Server is running on port: 3030
Sun, 17 May 2020 17:42:41 GMT - Error - Cannot get toy I am at controller
Sun, 17 May 2020 17:43:12 GMT - Info - Server is running on port: 3030
Sun, 17 May 2020 17:43:15 GMT - Error - Cannot get toy I am at controller
Sun, 17 May 2020 17:43:45 GMT - Info - Server is running on port: 3030
Sun, 17 May 2020 17:43:47 GMT - Error - Cannot get toy I am at controller
Sun, 17 May 2020 17:45:58 GMT - Info - Server is running on port: 3030
Sun, 17 May 2020 17:47:48 GMT - Info - Server is running on port: 3030
Sun, 17 May 2020 17:48:37 GMT - Info - Server is running on port: 3030
Sun, 17 May 2020 17:49:02 GMT - Info - Server is running on port: 3030
Sun, 17 May 2020 17:53:01 GMT - Info - Server is running on port: 3030
Sun, 17 May 2020 17:53:35 GMT - Info - Server is running on port: 3030
Sun, 17 May 2020 17:54:04 GMT - Info - Server is running on port: 3030
Sun, 17 May 2020 17:54:53 GMT - Info - Server is running on port: 3030
Sun, 17 May 2020 17:55:55 GMT - Info - Server is running on port: 3030
Sun, 17 May 2020 18:02:53 GMT - Info - Server is running on port: 3030
Sun, 17 May 2020 18:03:34 GMT - Info - Server is running on port: 3030
Sun, 17 May 2020 18:03:50 GMT - Info - Server is running on port: 3030
Sun, 17 May 2020 18:04:06 GMT - Info - Server is running on port: 3030
Sun, 17 May 2020 18:04:20 GMT - Info - Server is running on port: 3030
Mon, 18 May 2020 11:27:04 GMT - Info - Server is running on port: 3030
Mon, 18 May 2020 11:31:58 GMT - Info - Server is running on port: 3030
Mon, 18 May 2020 11:32:39 GMT - Info - Server is running on port: 3030
Mon, 18 May 2020 12:00:40 GMT - Info - Server is running on port: 3030
Mon, 18 May 2020 12:00:45 GMT - Info - Server is running on port: 3030
Mon, 18 May 2020 13:17:27 GMT - Info - Server is running on port: 3030
Mon, 18 May 2020 13:18:21 GMT - Info - Server is running on port: 3030
Mon, 18 May 2020 13:18:28 GMT - Info - Server is running on port: 3030
Mon, 18 May 2020 13:22:29 GMT - Info - Server is running on port: 3030
Mon, 18 May 2020 13:22:56 GMT - Info - Server is running on port: 3030
Mon, 18 May 2020 13:23:06 GMT - Info - Server is running on port: 3030
Mon, 18 May 2020 13:26:02 GMT - Info - Server is running on port: 3030
Mon, 18 May 2020 13:27:36 GMT - Info - Server is running on port: 3030
Mon, 18 May 2020 13:31:38 GMT - Info - Server is running on port: 3030
Mon, 18 May 2020 13:38:01 GMT - Info - Server is running on port: 3030
Mon, 18 May 2020 13:46:41 GMT - Info - Server is running on port: 3030
Mon, 18 May 2020 13:49:06 GMT - Info - Server is running on port: 3030
Mon, 18 May 2020 13:53:38 GMT - Info - Server is running on port: 3030
Mon, 18 May 2020 14:18:54 GMT - Info - Server is running on port: 3030
Mon, 18 May 2020 15:25:00 GMT - Info - Server is running on port: 3030
Mon, 18 May 2020 15:38:47 GMT - Error - Cannot get toy I am at controller
Mon, 18 May 2020 15:40:51 GMT - Error - Cannot get toy I am at controller
Mon, 18 May 2020 15:41:10 GMT - Error - Cannot get toy I am at controller
Mon, 18 May 2020 15:42:14 GMT - Error - Cannot get toy I am at controller
Mon, 18 May 2020 15:42:17 GMT - Error - Cannot get toy I am at controller
Mon, 18 May 2020 15:42:21 GMT - Error - Cannot get toy I am at controller
Mon, 18 May 2020 15:42:33 GMT - Error - Cannot get toy I am at controller
Mon, 18 May 2020 15:44:09 GMT - Error - Cannot get toy I am at controller
Mon, 18 May 2020 15:44:13 GMT - Error - Cannot get toy I am at controller
Mon, 18 May 2020 15:44:36 GMT - Error - Cannot get toy I am at controller
Mon, 18 May 2020 15:44:49 GMT - Error - Cannot get toy I am at controller
Mon, 18 May 2020 16:25:22 GMT - Info - Server is running on port: 3030
Mon, 18 May 2020 16:26:16 GMT - Info - Server is running on port: 3030
Mon, 18 May 2020 16:26:25 GMT - Debug - sasas, sas, sas
Mon, 18 May 2020 16:26:25 GMT - Debug - auth.service - signup with email: sasas, username: sas
Mon, 18 May 2020 16:26:25 GMT - Debug - auth.route - new account created: {"email":"sasas","password":"$2a$10$NYjN73uFHHFNxoIOWY3nXO1w57TeibPE30.eAvh8XS1fo37EI8IxW","username":"sas","_id":"5ec2b73131165338ac0dd31c"}
Mon, 18 May 2020 16:26:25 GMT - Debug - auth.service - login with email: sasas
Mon, 18 May 2020 16:27:00 GMT - Debug - sas, sas, 123
Mon, 18 May 2020 16:27:00 GMT - Debug - auth.service - signup with email: sas, username: sas
Mon, 18 May 2020 16:27:00 GMT - Debug - auth.route - new account created: {"email":"sas","password":"$2a$10$g8VtJw1tM8EKjqAr1WIe/eY5YTkG8DZU.1KDWfWjWXg1xvE2BGD.6","username":"sas","_id":"5ec2b75431165338ac0dd31d"}
Mon, 18 May 2020 16:27:00 GMT - Debug - auth.service - login with email: sas
Mon, 18 May 2020 16:27:06 GMT - Debug - auth.service - login with email: sas
